# JRE version: Java(TM) SE Runtime Environment (17.0.2+8) (build 17.0.2+8-LTS-86)
# Java VM: Java HotSpot(TM) 64-Bit Server VM (17.0.2+8-LTS-86, mixed mode, sharing, tiered, compressed oops, compressed class ptrs, g1 gc, windows-amd64)
GC Precious Log:
 CPUs: 4 total, 4 available
 Memory: 8083M
 Large Page Support: Disabled
 NUMA Support: Disabled
 Compressed Oops: Enabled (32-bit)
 Heap Region Size: 1M
 Heap Min Capacity: 8M
 Heap Initial Capacity: 128M
 Heap Max Capacity: 2022M
 Pre-touch: Disabled
 Parallel Workers: 4
 Concurrent Workers: 1
 Concurrent Refinement Workers: 4
 Periodic GC: Disabled
Heap:
 garbage-first heap   total 86016K, used 42799K [0x0000000081a00000, 0x0000000100000000)
  region size 1024K, 10 young (10240K), 4 survivors (4096K)
 Metaspace       used 22144K, committed 22400K, reserved 1073152K
  class space    used 2582K, committed 2688K, reserved 1048576K
GC Heap History (8 events):
Event: 1.778 GC heap before
{Heap before GC invocations=0 (full 0):
 garbage-first heap   total 131072K, used 20480K [0x0000000081a00000, 0x0000000100000000)
  region size 1024K, 13 young (13312K), 0 survivors (0K)
 Metaspace       used 8819K, committed 9024K, reserved 1056768K
  class space    used 1017K, committed 1152K, reserved 1048576K
}
Event: 1.818 GC heap after
{Heap after GC invocations=1 (full 0):
 garbage-first heap   total 131072K, used 13567K [0x0000000081a00000, 0x0000000100000000)
  region size 1024K, 2 young (2048K), 2 survivors (2048K)
 Metaspace       used 8819K, committed 9024K, reserved 1056768K
  class space    used 1017K, committed 1152K, reserved 1048576K
}
Event: 2.376 GC heap before
{Heap before GC invocations=1 (full 0):
 garbage-first heap   total 131072K, used 25855K [0x0000000081a00000, 0x0000000100000000)
  region size 1024K, 10 young (10240K), 2 survivors (2048K)
 Metaspace       used 10437K, committed 10688K, reserved 1064960K
  class space    used 1215K, committed 1344K, reserved 1048576K
}
Event: 2.380 GC heap after
{Heap after GC invocations=2 (full 0):
 garbage-first heap   total 131072K, used 18490K [0x0000000081a00000, 0x0000000100000000)
  region size 1024K, 1 young (1024K), 1 survivors (1024K)
 Metaspace       used 10437K, committed 10688K, reserved 1064960K
  class space    used 1215K, committed 1344K, reserved 1048576K
}
Event: 14.602 GC heap before
{Heap before GC invocations=2 (full 0):
 garbage-first heap   total 131072K, used 46138K [0x0000000081a00000, 0x0000000100000000)
  region size 1024K, 27 young (27648K), 1 survivors (1024K)
 Metaspace       used 21221K, committed 21376K, reserved 1073152K
  class space    used 2511K, committed 2560K, reserved 1048576K
}
Event: 14.607 GC heap after
{Heap after GC invocations=3 (full 0):
 garbage-first heap   total 131072K, used 23387K [0x0000000081a00000, 0x0000000100000000)
  region size 1024K, 4 young (4096K), 4 survivors (4096K)
 Metaspace       used 21221K, committed 21376K, reserved 1073152K
  class space    used 2511K, committed 2560K, reserved 1048576K
}
Event: 14.740 GC heap before
{Heap before GC invocations=3 (full 0):
 garbage-first heap   total 131072K, used 23387K [0x0000000081a00000, 0x0000000100000000)
  region size 1024K, 5 young (5120K), 4 survivors (4096K)
 Metaspace       used 21323K, committed 21504K, reserved 1073152K
  class space    used 2517K, committed 2560K, reserved 1048576K
}
Event: 14.745 GC heap after
{Heap after GC invocations=4 (full 0):
 garbage-first heap   total 131072K, used 23343K [0x0000000081a00000, 0x0000000100000000)
  region size 1024K, 4 young (4096K), 4 survivors (4096K)
 Metaspace       used 21323K, committed 21504K, reserved 1073152K
  class space    used 2517K, committed 2560K, reserved 1048576K
}

