# JRE version: Java(TM) SE Runtime Environment (17.0.2+8) (build 17.0.2+8-LTS-86)
# Java VM: Java HotSpot(TM) 64-Bit Server VM (17.0.2+8-LTS-86, mixed mode, sharing, tiered, compressed oops, compressed class ptrs, g1 gc, windows-amd64)
GC Precious Log:
 CPUs: 4 total, 4 available
 Memory: 8083M
 Large Page Support: Disabled
 NUMA Support: Disabled
 Compressed Oops: Enabled (32-bit)
 Heap Region Size: 1M
 Heap Min Capacity: 8M
 Heap Initial Capacity: 128M
 Heap Max Capacity: 2022M
 Pre-touch: Disabled
 Parallel Workers: 4
 Concurrent Workers: 1
 Concurrent Refinement Workers: 4
 Periodic GC: Disabled
Heap:
 garbage-first heap   total 81920K, used 59501K [0x0000000081a00000, 0x0000000100000000)
  region size 1024K, 34 young (34816K), 4 survivors (4096K)
 Metaspace       used 22486K, committed 22720K, reserved 1073152K
  class space    used 2619K, committed 2752K, reserved 1048576K
GC Heap History (8 events):
Event: 0.689 GC heap before
{Heap before GC invocations=0 (full 0):
 garbage-first heap   total 131072K, used 20480K [0x0000000081a00000, 0x0000000100000000)
  region size 1024K, 13 young (13312K), 0 survivors (0K)
 Metaspace       used 8800K, committed 9024K, reserved 1056768K
  class space    used 1017K, committed 1152K, reserved 1048576K
}
Event: 0.697 GC heap after
{Heap after GC invocations=1 (full 0):
 garbage-first heap   total 131072K, used 14026K [0x0000000081a00000, 0x0000000100000000)
  region size 1024K, 2 young (2048K), 2 survivors (2048K)
 Metaspace       used 8800K, committed 9024K, reserved 1056768K
  class space    used 1017K, committed 1152K, reserved 1048576K
}
Event: 1.089 GC heap before
{Heap before GC invocations=1 (full 0):
 garbage-first heap   total 131072K, used 25290K [0x0000000081a00000, 0x0000000100000000)
  region size 1024K, 10 young (10240K), 2 survivors (2048K)
 Metaspace       used 10615K, committed 10880K, reserved 1064960K
  class space    used 1231K, committed 1344K, reserved 1048576K
}
Event: 1.093 GC heap after
{Heap after GC invocations=2 (full 0):
 garbage-first heap   total 131072K, used 19032K [0x0000000081a00000, 0x0000000100000000)
  region size 1024K, 1 young (1024K), 1 survivors (1024K)
 Metaspace       used 10615K, committed 10880K, reserved 1064960K
  class space    used 1231K, committed 1344K, reserved 1048576K
}
Event: 9.270 GC heap before
{Heap before GC invocations=2 (full 0):
 garbage-first heap   total 131072K, used 43608K [0x0000000081a00000, 0x0000000100000000)
  region size 1024K, 26 young (26624K), 1 survivors (1024K)
 Metaspace       used 20856K, committed 21056K, reserved 1073152K
  class space    used 2451K, committed 2560K, reserved 1048576K
}
Event: 9.274 GC heap after
{Heap after GC invocations=3 (full 0):
 garbage-first heap   total 131072K, used 21278K [0x0000000081a00000, 0x0000000100000000)
  region size 1024K, 3 young (3072K), 3 survivors (3072K)
 Metaspace       used 20856K, committed 21056K, reserved 1073152K
  class space    used 2451K, committed 2560K, reserved 1048576K
}
Event: 12.970 GC heap before
{Heap before GC invocations=3 (full 0):
 garbage-first heap   total 131072K, used 22302K [0x0000000081a00000, 0x0000000100000000)
  region size 1024K, 5 young (5120K), 3 survivors (3072K)
 Metaspace       used 21399K, committed 21504K, reserved 1073152K
  class space    used 2510K, committed 2560K, reserved 1048576K
}
Event: 12.974 GC heap after
{Heap after GC invocations=4 (full 0):
 garbage-first heap   total 131072K, used 21613K [0x0000000081a00000, 0x0000000100000000)
  region size 1024K, 4 young (4096K), 4 survivors (4096K)
 Metaspace       used 21399K, committed 21504K, reserved 1073152K
  class space    used 2510K, committed 2560K, reserved 1048576K
}

